RUN	uk.gov.hmcts.reform.LandA.performance.simulations.mainSimulation	mainsimulation	1643206520862	XUI Journeys for all Services	3.1.1
USER	Complete	1	START	1643206523337	1643206523337
REQUEST	1	S2S Authorisation	PaymentAPIToken_020_GetServiceToken	1643206523367	1643206526897	OK	 
GROUP	1	S2S Authorisation	1643206523341	1643206526924	3530	OK
REQUEST	1	LAU csrf Check	CSRF check	1643206536927	1643206537163	OK	 
GROUP	1	LAU csrf Check	1643206536925	1643206542248	236	OK
REQUEST	1		LAU Case Search	1643206542258	1643206542694	OK	 
REQUEST	1		LAU Case Search Redirect 1	1643206542701	1643206542741	OK	 
REQUEST	1		LAU Case Search Redirect 2	1643206542745	1643206542817	OK	 
REQUEST	1	LAU Case Next Page	LAU Case Second Page Click	1643206542830	1643206542880	OK	 
REQUEST	1	LAU Case Next Page	LAU Case Second Page Click Redirect 1	1643206542882	1643206542943	OK	 
REQUEST	1	LAU Case Next Page	LAU Case Second Page Click Redirect 2	1643206542947	1643206543013	OK	 
GROUP	1	LAU Case Next Page	1643206542829	1643206543019	177	OK
REQUEST	1	LAU Case Activity CSV Download	Case Activity CSV Download	1643206544917	1643206545275	OK	 
REQUEST	1	LAU Case Activity CSV Download	Case Activity CSV Download Redirect 1	1643206545276	1643206545500	OK	 
REQUEST	1	LAU Case Activity CSV Download	Case Activity CSV Download Redirect 2	1643206545502	1643206545680	OK	 
GROUP	1	LAU Case Activity CSV Download	1643206544916	1643206545683	760	OK
REQUEST	1	LAU Case Search CSV Download	Case Search CSV Download	1643206548677	1643206548706	OK	 
REQUEST	1	LAU Case Search CSV Download	Case Search CSV Download Redirect 1	1643206548707	1643206548736	OK	 
REQUEST	1	LAU Case Search CSV Download	Case Search CSV Download Redirect 2	1643206548737	1643206548808	OK	 
GROUP	1	LAU Case Search CSV Download	1643206548676	1643206548810	129	OK
USER	Complete	1	END	1643206523337	1643206551809
