RUN	uk.gov.hmcts.reform.LandA.performance.simulations.mainSimulation	mainsimulation	1643187973951	XUI Journeys for all Services	3.1.1
USER	Complete	1	START	1643187976255	1643187976255
REQUEST	1	S2S Authorisation	PaymentAPIToken_020_GetServiceToken	1643187976279	1643187979363	OK	 
GROUP	1	S2S Authorisation	1643187976258	1643187979382	3084	OK
REQUEST	1	CCD csrf Check	CSRF check	1643187989391	1643187997640	OK	 
GROUP	1	CCD csrf Check	1643187989390	1643188002720	8249	OK
REQUEST	1		CCDlogin	1643188002730	1643188004143	OK	 
REQUEST	1		CCDlogin Redirect 1	1643188004150	1643188005063	OK	 
REQUEST	1		CCDlogin Redirect 2	1643188005067	1643188005226	OK	 
REQUEST	1		CCD Search	1643188005238	1643188005312	OK	 
REQUEST	1		CCD Search Redirect 1	1643188005315	1643188005433	OK	 
REQUEST	1	CCD Next Page	CCD Second Page Click	1643188007340	1643188008238	OK	 
REQUEST	1	CCD Next Page	CCD Second Page Click Redirect 1	1643188008240	1643188008332	OK	 
GROUP	1	CCD Next Page	1643188007339	1643188008334	990	OK
REQUEST	1	CCD Case Activity CSV Download	Case Activity CSV Download	1643188013329	1643188043484	KO	status.find.in(200,201,202,203,204,205,206,207,208,209,304), found 504
GROUP	1	CCD Case Activity CSV Download	1643188013328	1643188043488	30155	KO
USER	Complete	1	END	1643187976255	1643188043491
USER	Complete	2	START	1643188076268	1643188076268
REQUEST	2	S2S Authorisation	PaymentAPIToken_020_GetServiceToken	1643188076269	1643188076338	OK	 
GROUP	2	S2S Authorisation	1643188076269	1643188076339	69	OK
REQUEST	2	CCD csrf Check	CSRF check	1643188086360	1643188096040	OK	 
GROUP	2	CCD csrf Check	1643188086359	1643188096045	9680	OK
REQUEST	2		CCDlogin	1643188096046	1643188097637	OK	 
REQUEST	2		CCDlogin Redirect 1	1643188097639	1643188098458	OK	 
REQUEST	2		CCDlogin Redirect 2	1643188098460	1643188098520	OK	 
REQUEST	2		CCD Search	1643188103520	1643188103583	OK	 
REQUEST	2		CCD Search Redirect 1	1643188103585	1643188103671	OK	 
REQUEST	2	CCD Next Page	CCD Second Page Click	1643188105670	1643188106639	OK	 
REQUEST	2	CCD Next Page	CCD Second Page Click Redirect 1	1643188106642	1643188106819	OK	 
GROUP	2	CCD Next Page	1643188105669	1643188106821	1146	OK
REQUEST	2	CCD Case Activity CSV Download	Case Activity CSV Download	1643188111820	1643188141902	KO	status.find.in(200,201,202,203,204,205,206,207,208,209,304), found 504
GROUP	2	CCD Case Activity CSV Download	1643188111819	1643188141903	30082	KO
USER	Complete	2	END	1643188076268	1643188141904
USER	Complete	3	START	1643188176269	1643188176269
REQUEST	3	S2S Authorisation	PaymentAPIToken_020_GetServiceToken	1643188176271	1643188176326	OK	 
GROUP	3	S2S Authorisation	1643188176270	1643188176327	55	OK
REQUEST	3	CCD csrf Check	CSRF check	1643188186339	1643188191175	OK	 
GROUP	3	CCD csrf Check	1643188186339	1643188191180	4836	OK
REQUEST	3		CCDlogin	1643188191180	1643188192401	OK	 
REQUEST	3		CCDlogin Redirect 1	1643188192402	1643188193120	OK	 
REQUEST	3		CCDlogin Redirect 2	1643188193122	1643188193396	OK	 
REQUEST	3		CCD Search	1643188198398	1643188198473	OK	 
REQUEST	3		CCD Search Redirect 1	1643188198475	1643188198612	OK	 
REQUEST	3	CCD Next Page	CCD Second Page Click	1643188200610	1643188201475	OK	 
REQUEST	3	CCD Next Page	CCD Second Page Click Redirect 1	1643188201476	1643188201536	OK	 
GROUP	3	CCD Next Page	1643188200610	1643188201537	925	OK
REQUEST	3	CCD Case Activity CSV Download	Case Activity CSV Download	1643188206540	1643188236618	KO	status.find.in(200,201,202,203,204,205,206,207,208,209,304), found 504
GROUP	3	CCD Case Activity CSV Download	1643188206539	1643188236619	30078	KO
USER	Complete	3	END	1643188176269	1643188236620
