RUN	uk.gov.hmcts.reform.LandA.performance.simulations.mainSimulation	mainsimulation	1643210689498	XUI Journeys for all Services	3.1.1
USER	Complete	1	START	1643210691930	1643210691930
REQUEST	1	S2S Authorisation	PaymentAPIToken_020_GetServiceToken	1643210691958	1643210695151	OK	 
GROUP	1	S2S Authorisation	1643210691935	1643210695174	3193	OK
REQUEST	1	LAU csrf Check	CSRF check	1643210705174	1643210711698	OK	 
GROUP	1	LAU csrf Check	1643210705172	1643210716775	6524	OK
REQUEST	1	LAU Case Login	LAU Case login	1643210716789	1643210717537	OK	 
REQUEST	1	LAU Case Login	LAU Case login Redirect 1	1643210717543	1643210718375	OK	 
REQUEST	1	LAU Case Login	LAU Case login Redirect 2	1643210718379	1643210718622	OK	 
GROUP	1	LAU Case Login	1643210716783	1643210718633	1823	OK
REQUEST	1	LAU Case Search	LAU Case Search	1643210718635	1643210721248	OK	 
REQUEST	1	LAU Case Search	LAU Case Search Redirect 1	1643210721251	1643210722035	OK	 
GROUP	1	LAU Case Search	1643210718634	1643210722091	3397	OK
REQUEST	1	LAU Case Next Page	LAU Case Second Page Click	1643210723953	1643210724987	OK	 
REQUEST	1	LAU Case Next Page	LAU Case Second Page Click Redirect 1	1643210724990	1643210725343	OK	 
GROUP	1	LAU Case Next Page	1643210723952	1643210725397	1387	OK
REQUEST	1	LAU Case Activity CSV Download	Case Activity CSV Download	1643210730344	1643210735167	OK	 
GROUP	1	LAU Case Activity CSV Download	1643210730343	1643210735201	4823	OK
REQUEST	1	LAU Case Search CSV Download	Case Search CSV Download	1643210738173	1643210768316	KO	status.find.in(200,201,202,203,204,205,206,207,208,209,304), found 504
GROUP	1	LAU Case Search CSV Download	1643210738172	1643210768321	30143	KO
USER	Complete	1	END	1643210691930	1643210768326
