RUN	uk.gov.hmcts.reform.LandA.performance.simulations.mainSimulation	mainsimulation	1643206746229	XUI Journeys for all Services	3.1.1
USER	Complete	1	START	1643206748691	1643206748691
REQUEST	1	S2S Authorisation	PaymentAPIToken_020_GetServiceToken	1643206748730	1643206752092	OK	 
GROUP	1	S2S Authorisation	1643206748695	1643206752119	3362	OK
REQUEST	1	LAU csrf Check	CSRF check	1643206762117	1643206762277	OK	 
GROUP	1	LAU csrf Check	1643206762116	1643206767360	160	OK
REQUEST	1	LAU Case login	LAU Case login	1643206767377	1643206768392	OK	 
REQUEST	1	LAU Case login	LAU Case login Redirect 1	1643206768399	1643206768849	OK	 
REQUEST	1	LAU Case login	LAU Case login Redirect 2	1643206768852	1643206768924	OK	 
GROUP	1	LAU Case login	1643206767365	1643206768935	1537	OK
REQUEST	1	LAU Case Search	LAU Case Search	1643206768937	1643206771690	OK	 
REQUEST	1	LAU Case Search	LAU Case Search Redirect 1	1643206771693	1643206772362	OK	 
GROUP	1	LAU Case Search	1643206768936	1643206772443	3422	OK
REQUEST	1	LAU Case Next Page	LAU Case Second Page Click	1643206774267	1643206774857	OK	 
REQUEST	1	LAU Case Next Page	LAU Case Second Page Click Redirect 1	1643206774859	1643206775110	OK	 
GROUP	1	LAU Case Next Page	1643206774266	1643206775182	841	OK
REQUEST	1	LAU Case Activity CSV Download	Case Activity CSV Download	1643206780107	1643206784417	OK	 
GROUP	1	LAU Case Activity CSV Download	1643206780106	1643206784453	4310	OK
REQUEST	1	LAU Case Search CSV Download	Case Search CSV Download	1643206787417	1643206817544	KO	status.find.in(200,201,202,203,204,205,206,207,208,209,304), found 504
GROUP	1	LAU Case Search CSV Download	1643206787417	1643206817547	30127	KO
USER	Complete	1	END	1643206748691	1643206817551
